TN:
SF:src/lib/block.ts
FN:19,Block
FN:28,calculateHash
FN:32,isValid
FNF:3
FNH:3
FNDA:28,Block
FNDA:37,calculateHash
FNDA:12,isValid
DA:1,1
DA:2,1
DA:3,1
DA:4,1
DA:5,1
DA:6,1
DA:7,1
DA:8,1
DA:9,1
DA:10,1
DA:11,1
DA:12,1
DA:13,1
DA:14,1
DA:15,1
DA:16,1
DA:17,1
DA:18,1
DA:19,1
DA:20,28
DA:21,28
DA:22,28
DA:23,28
DA:24,28
DA:25,28
DA:26,28
DA:27,1
DA:28,1
DA:29,37
DA:30,37
DA:31,1
DA:32,1
DA:33,12
DA:34,12
DA:35,12
DA:36,12
DA:37,12
DA:38,5
DA:39,5
DA:40,1
DA:41,1
DA:42,1
LF:42
LH:42
BRDA:19,0,0,28
BRDA:28,1,0,37
BRDA:32,2,0,12
BRDA:33,3,0,1
BRDA:34,4,0,11
BRDA:34,5,0,1
BRDA:35,6,0,10
BRDA:35,7,0,2
BRDA:36,8,0,8
BRDA:36,9,0,7
BRDA:36,10,0,2
BRDA:37,11,0,6
BRDA:37,12,0,1
BRDA:37,13,0,6
BRDA:37,14,0,1
BRDA:38,15,0,5
BRF:16
BRH:16
end_of_record
TN:
SF:src/lib/blockchain.ts
FN:7,Blockchain
FN:12,addBlock
FN:35,getLatestBlock
FN:39,isValid
FNF:4
FNH:4
FNDA:8,Blockchain
FNDA:8,addBlock
FNDA:15,getLatestBlock
FNDA:1,isValid
DA:1,1
DA:2,1
DA:3,1
DA:4,1
DA:5,1
DA:6,1
DA:7,1
DA:8,8
DA:9,8
DA:10,8
DA:11,1
DA:12,1
DA:13,8
DA:14,8
DA:15,8
DA:16,8
DA:17,2
DA:18,2
DA:19,6
DA:20,6
DA:21,8
DA:22,2
DA:23,2
DA:24,4
DA:25,4
DA:26,8
DA:27,1
DA:28,1
DA:29,3
DA:30,3
DA:31,3
DA:32,3
DA:33,3
DA:34,1
DA:35,1
DA:36,15
DA:37,15
DA:38,1
DA:39,1
DA:40,1
DA:41,1
DA:42,1
DA:43,1
DA:44,1
DA:45,0
DA:46,0
DA:47,1
DA:48,1
DA:49,0
DA:50,0
DA:51,1
DA:52,1
DA:53,1
DA:54,1
LF:54
LH:50
BRDA:7,0,0,8
BRDA:12,1,0,8
BRDA:16,2,0,2
BRDA:19,3,0,6
BRDA:21,4,0,2
BRDA:24,5,0,4
BRDA:26,6,0,1
BRDA:29,7,0,3
BRDA:35,8,0,15
BRDA:39,9,0,1
BRDA:44,10,0,0
BRDA:48,11,0,0
BRF:12
BRH:10
end_of_record
